<?xml version="1.0" encoding="UTF-8" ?>
<testsuite tests="1" failures="0" name="com.oraykurt.lab3.AppTest" time="0" errors="0" skipped="0">
  <properties>
    <property name="java.vendor" value="Eclipse OpenJ9"/>
    <property name="sun.java.launcher" value="SUN_STANDARD"/>
    <property name="os.name" value="Windows 10"/>
    <property name="sun.boot.class.path" value="C:\Users\Oray\.jdks\adopt-openj9-1.8.0_252\jre\bin\compressedrefs\jclSC180\vm.jar;C:\Users\Oray\.jdks\adopt-openj9-1.8.0_252\jre\lib\se-service.jar;C:\Users\Oray\.jdks\adopt-openj9-1.8.0_252\jre\lib\rt.jar;C:\Users\Oray\.jdks\adopt-openj9-1.8.0_252\jre\lib\resources.jar;C:\Users\Oray\.jdks\adopt-openj9-1.8.0_252\jre\lib\jsse.jar;C:\Users\Oray\.jdks\adopt-openj9-1.8.0_252\jre\lib\charsets.jar;C:\Users\Oray\.jdks\adopt-openj9-1.8.0_252\jre\lib\jce.jar"/>
    <property name="sun.desktop" value="windows"/>
    <property name="java.vm.specification.vendor" value="Oracle Corporation"/>
    <property name="java.runtime.version" value="1.8.0_252-b09"/>
    <property name="user.name" value="Oray"/>
    <property name="java.compiler" value="j9jit29"/>
    <property name="os.encoding" value="UTF8"/>
    <property name="guice.disable.misplaced.annotation.check" value="true"/>
    <property name="com.ibm.util.extralibs.properties" value=""/>
    <property name="com.ibm.jcl.checkClassPath" value=""/>
    <property name="user.language" value="en"/>
    <property name="com.ibm.oti.vm.bootstrap.library.path" value="C:\Users\Oray\.jdks\adopt-openj9-1.8.0_252\jre\bin\compressedrefs;C:\Users\Oray\.jdks\adopt-openj9-1.8.0_252\jre\bin"/>
    <property name="sun.boot.library.path" value="C:\Users\Oray\.jdks\adopt-openj9-1.8.0_252\jre\bin\compressedrefs;C:\Users\Oray\.jdks\adopt-openj9-1.8.0_252\jre\bin"/>
    <property name="classworlds.conf" value="C:\opt\apache-maven-3.6.3\bin\..\bin\m2.conf"/>
    <property name="jdk.extensions.version" value="8.0.252.1"/>
    <property name="java.version" value="1.8.0_252"/>
    <property name="user.timezone" value="Asia/Istanbul"/>
    <property name="com.ibm.system.agent.path" value="C:\Users\Oray\.jdks\adopt-openj9-1.8.0_252\jre\bin"/>
    <property name="sun.arch.data.model" value="64"/>
    <property name="com.ibm.zero.version" value="2"/>
    <property name="java.endorsed.dirs" value="C:\Users\Oray\.jdks\adopt-openj9-1.8.0_252\jre\lib\endorsed"/>
    <property name="com.ibm.oti.vm.library.version" value="29"/>
    <property name="sun.jnu.encoding" value="Cp1254"/>
    <property name="file.encoding.pkg" value="sun.io"/>
    <property name="file.separator" value="\"/>
    <property name="java.specification.name" value="Java Platform API Specification"/>
    <property name="maven.conf" value="C:\opt\apache-maven-3.6.3\bin\../conf"/>
    <property name="java.class.version" value="52.0"/>
    <property name="user.country" value="US"/>
    <property name="java.home" value="C:\Users\Oray\.jdks\adopt-openj9-1.8.0_252\jre"/>
    <property name="java.vm.info" value="JRE 1.8.0 Windows 10 amd64-64-Bit Compressed References 20200422_667 (JIT enabled, AOT enabled)
OpenJ9   - 05fa2d361
OMR      - d4365f371
JCL      - 5e623848e9 based on jdk8u252-b09"/>
    <property name="os.version" value="10.0"/>
    <property name="java.awt.fonts" value=""/>
    <property name="path.separator" value=";"/>
    <property name="java.vm.version" value="openj9-0.20.0"/>
    <property name="user.variant" value=""/>
    <property name="java.awt.printerjob" value="sun.awt.windows.WPrinterJob"/>
    <property name="jdk.extensions.name" value="Extensions for OpenJDK for Eclipse OpenJ9"/>
    <property name="sun.io.unicode.encoding" value="UnicodeLittle"/>
    <property name="awt.toolkit" value="sun.awt.windows.WToolkit"/>
    <property name="ibm.signalhandling.sigint" value="true"/>
    <property name="user.home" value="C:\Users\Oray"/>
    <property name="com.ibm.cpu.endian" value="little"/>
    <property name="java.specification.vendor" value="Oracle Corporation"/>
    <property name="ibm.signalhandling.sigchain" value="true"/>
    <property name="library.jansi.path" value="C:\opt\apache-maven-3.6.3\bin\..\lib\jansi-native"/>
    <property name="java.library.path" value="C:\Users\Oray\.jdks\adopt-openj9-1.8.0_252\jre\bin\compressedrefs;C:\Users\Oray\.jdks\adopt-openj9-1.8.0_252\jre\bin;C:\Windows\system32;C:\Windows;C:\Program Files (x86)\Common Files\Oracle\Java\javapath;C:\ProgramData\Oracle\Java\javapath;C:\Python27\;C:\Python27\Scripts;C:\Program Files (x86)\Intel\Intel(R) Management Engine Components\iCLS\;C:\Program Files\Intel\Intel(R) Management Engine Components\iCLS\;C:\Windows\system32;C:\Windows;C:\Windows\System32\Wbem;C:\Windows\System32\WindowsPowerShell\v1.0\;C:\Windows\System32\OpenSSH\;C:\Program Files (x86)\Intel\Intel(R) Management Engine Components\DAL;C:\Program Files\Intel\Intel(R) Management Engine Components\DAL;C:\Program Files (x86)\Intel\Intel(R) Management Engine Components\IPT;C:\Program Files\Intel\Intel(R) Management Engine Components\IPT;C:\Program Files\nodejs\;C:\ProgramData\chocolatey\bin;C:\Program Files\Git\cmd;C:\Program Files\PuTTY\;C:\opt\apache-maven-3.6.3\bin;C:\Users\Oray\AppData\Local\Microsoft\WindowsApps;C:\Users\Oray\AppData\Local\Programs\Microsoft VS Code\bin;C:\Users\Oray\AppData\Roaming\npm;C:\Program Files\heroku\bin;C:\Users\Oray\AppData\Local\GitHubDesktop\bin;C:\Program Files\JetBrains\IntelliJ IDEA Community Edition\bin;;C:\Program Files\JetBrains\IntelliJ IDEA 2020.1.1\bin;;."/>
    <property name="java.vendor.url" value="http://www.eclipse.org/openj9"/>
    <property name="java.vm.vendor" value="Eclipse OpenJ9"/>
    <property name="java.fullversion" value="1.8.0_252-b09
JRE 1.8.0 Windows 10 amd64-64-Bit Compressed References 20200422_667 (JIT enabled, AOT enabled)
OpenJ9   - 05fa2d361
OMR      - d4365f371
JCL      - 5e623848e9 based on jdk8u252-b09"/>
    <property name="maven.home" value="C:\opt\apache-maven-3.6.3\bin\.."/>
    <property name="java.runtime.name" value="OpenJDK Runtime Environment"/>
    <property name="sun.java.command" value="org.codehaus.plexus.classworlds.launcher.Launcher test"/>
    <property name="java.class.path" value="C:\opt\apache-maven-3.6.3\bin\..\boot\plexus-classworlds-2.6.0.jar"/>
    <property name="java.vm.specification.name" value="Java Virtual Machine Specification"/>
    <property name="java.vm.specification.version" value="1.8"/>
    <property name="sun.cpu.endian" value="little"/>
    <property name="java.io.tmpdir" value="C:\Users\Oray\AppData\Local\Temp\"/>
    <property name="maven.multiModuleProjectDirectory" value="C:\Users\Oray\Desktop\Workspace\oraydemo_3\lab3"/>
    <property name="ibm.system.encoding" value="Cp1254"/>
    <property name="os.arch" value="amd64"/>
    <property name="java.awt.graphicsenv" value="sun.awt.Win32GraphicsEnvironment"/>
    <property name="ibm.signalhandling.rs" value="false"/>
    <property name="java.ext.dirs" value="C:\Users\Oray\.jdks\adopt-openj9-1.8.0_252\jre\lib\ext"/>
    <property name="user.dir" value="C:\Users\Oray\Desktop\Workspace\oraydemo_3\lab3"/>
    <property name="line.separator" value="
"/>
    <property name="java.vm.name" value="Eclipse OpenJ9 VM"/>
    <property name="com.ibm.oti.shared.enabled" value="false"/>
    <property name="com.ibm.vm.bitmode" value="64"/>
    <property name="file.encoding" value="Cp1252"/>
    <property name="com.ibm.oti.configuration" value="scar"/>
    <property name="java.specification.version" value="1.8"/>
  </properties>
  <testcase classname="com.oraykurt.lab3.AppTest" name="shouldAnswerWithTrue" time="0"/>
</testsuite>